SF:lib/data/datasources/movie_local_data_source.dart
DA:22,1
DA:27,1
DA:30,2
DA:33,2
DA:37,1
DA:40,2
DA:43,2
DA:47,1
DA:49,2
DA:51,1
DA:57,1
DA:59,2
DA:60,4
DA:63,1
DA:65,2
DA:67,1
DA:73,1
DA:75,2
DA:76,4
DA:79,1
DA:82,2
DA:85,2
DA:89,1
DA:92,2
DA:95,2
LF:25
LH:25
end_of_record
SF:lib/utils/exception.dart
DA:6,2
LF:1
LH:1
end_of_record
SF:lib/data/datasources/db/database_helper.dart
DA:8,0
DA:12,0
DA:16,0
DA:17,0
DA:23,0
DA:24,0
DA:25,0
DA:27,0
DA:31,0
DA:32,0
DA:42,0
DA:43,0
DA:44,0
DA:47,0
DA:48,0
DA:49,0
DA:52,0
DA:56,0
DA:57,0
DA:58,0
DA:61,0
DA:64,0
DA:65,0
DA:71,0
DA:72,0
DA:73,0
LF:26
LH:0
end_of_record
SF:lib/data/datasources/db/database_helper_tv.dart
DA:7,0
DA:11,0
DA:12,0
DA:16,0
DA:17,0
DA:23,0
DA:24,0
DA:25,0
DA:27,0
DA:31,0
DA:32,0
DA:42,0
DA:43,0
DA:44,0
DA:47,0
DA:48,0
DA:49,0
DA:52,0
DA:56,0
DA:57,0
DA:58,0
DA:61,0
DA:64,0
DA:65,0
DA:71,0
DA:72,0
DA:73,0
LF:27
LH:0
end_of_record
SF:lib/data/datasources/movie_remote_data_source.dart
DA:33,1
DA:35,1
DA:38,3
DA:40,2
DA:41,4
DA:43,1
DA:47,1
DA:49,4
DA:51,2
DA:52,3
DA:54,1
DA:58,1
DA:60,1
DA:61,3
DA:63,2
DA:64,4
DA:66,1
DA:70,1
DA:73,3
DA:75,2
DA:76,4
DA:78,1
DA:82,1
DA:85,3
DA:87,2
DA:88,4
DA:90,1
DA:94,1
DA:96,1
DA:97,3
DA:99,2
DA:100,4
DA:102,1
DA:106,1
DA:109,3
DA:111,2
DA:112,4
DA:114,1
DA:118,1
DA:120,3
DA:122,2
DA:123,4
DA:125,1
DA:129,1
DA:132,3
DA:134,2
DA:135,4
DA:137,1
DA:141,1
DA:143,4
DA:145,2
DA:146,3
DA:148,1
DA:152,1
DA:155,4
DA:157,2
DA:158,4
DA:160,1
DA:164,1
DA:167,4
DA:169,2
DA:170,4
DA:172,1
LF:63
LH:63
end_of_record
SF:lib/data/models/movie_detail_model.dart
DA:7,2
DA:53,1
DA:54,1
DA:55,1
DA:56,1
DA:57,1
DA:58,1
DA:59,4
DA:60,1
DA:61,1
DA:62,1
DA:63,1
DA:64,1
DA:65,1
DA:66,2
DA:67,1
DA:68,1
DA:69,1
DA:70,1
DA:71,1
DA:72,1
DA:73,1
DA:74,1
DA:75,2
DA:76,1
DA:79,1
DA:80,1
DA:81,1
DA:82,1
DA:83,5
DA:84,1
DA:85,1
DA:86,1
DA:87,1
DA:88,1
DA:89,1
DA:90,1
DA:91,1
DA:92,1
DA:96,1
DA:97,1
DA:98,1
DA:99,1
DA:100,1
DA:101,1
DA:102,1
DA:103,1
DA:104,1
DA:105,1
DA:106,1
DA:107,1
DA:108,1
DA:109,1
DA:110,1
DA:111,1
DA:112,1
DA:113,1
DA:114,1
DA:115,1
DA:116,1
DA:117,1
DA:118,1
LF:62
LH:62
end_of_record
SF:lib/data/models/movie_model.dart
DA:6,5
DA:36,4
DA:37,2
DA:38,2
DA:39,8
DA:40,2
DA:41,2
DA:42,2
DA:43,4
DA:44,2
DA:45,2
DA:46,2
DA:47,2
DA:48,4
DA:49,2
DA:52,2
DA:53,1
DA:54,1
DA:55,4
DA:56,1
DA:57,1
DA:58,1
DA:59,1
DA:60,1
DA:61,1
DA:62,1
DA:63,1
DA:64,1
DA:65,1
DA:68,2
DA:69,2
DA:70,2
DA:71,2
DA:72,2
DA:73,2
DA:74,2
DA:75,2
DA:76,2
DA:77,2
DA:78,2
DA:79,2
DA:80,2
DA:81,2
DA:82,2
DA:86,2
DA:87,2
DA:88,2
DA:89,2
DA:90,2
DA:91,2
DA:92,2
DA:93,2
DA:94,2
DA:95,2
DA:96,2
DA:97,2
DA:98,2
DA:99,2
DA:100,2
LF:59
LH:59
end_of_record
SF:lib/data/models/movie_table.dart
DA:12,4
DA:19,2
DA:20,1
DA:21,1
DA:22,1
DA:23,1
DA:26,2
DA:27,1
DA:28,1
DA:29,1
DA:30,1
DA:33,0
DA:34,0
DA:35,0
DA:36,0
DA:37,0
DA:40,2
DA:41,1
DA:42,1
DA:43,1
DA:44,1
DA:47,2
DA:48,10
LF:23
LH:18
end_of_record
SF:lib/data/models/tv_detail_model.dart
DA:32,2
DA:59,2
DA:60,1
DA:61,4
DA:62,1
DA:63,1
DA:64,4
DA:65,1
DA:66,1
DA:67,1
DA:68,4
DA:69,1
DA:70,1
DA:71,1
DA:72,1
DA:73,4
DA:74,1
DA:75,1
DA:76,1
DA:77,1
DA:78,1
DA:79,1
DA:80,4
DA:81,1
DA:82,1
DA:83,1
DA:84,1
DA:85,1
DA:88,1
DA:89,1
DA:90,1
DA:91,1
DA:92,1
DA:93,5
DA:94,1
DA:95,1
DA:96,1
DA:97,1
DA:98,1
DA:99,1
DA:100,1
DA:101,1
DA:102,1
DA:103,1
DA:104,1
DA:105,1
DA:106,1
DA:107,1
DA:108,5
DA:109,1
DA:110,1
DA:111,1
DA:112,1
DA:113,1
DA:117,1
DA:118,1
DA:119,1
DA:120,1
DA:121,1
DA:122,1
DA:123,1
DA:124,1
DA:125,1
DA:126,1
DA:127,1
DA:128,1
DA:129,1
DA:130,1
DA:131,1
DA:132,1
DA:133,1
DA:134,1
DA:135,1
DA:136,1
DA:137,1
DA:138,1
DA:139,1
DA:140,1
DA:141,1
DA:142,1
DA:156,2
DA:167,2
DA:168,1
DA:169,1
DA:170,1
DA:171,1
DA:172,1
DA:173,1
DA:174,1
DA:175,2
DA:178,1
DA:179,1
DA:180,1
DA:181,1
DA:182,1
DA:183,1
DA:184,1
DA:185,1
DA:186,1
DA:187,1
DA:191,1
DA:192,1
DA:193,1
DA:194,1
DA:195,1
DA:196,1
DA:197,1
DA:198,1
DA:199,1
DA:200,1
LF:110
LH:110
end_of_record
SF:lib/data/models/tv_model.dart
DA:20,5
DA:36,4
DA:37,2
DA:38,2
DA:39,8
DA:40,2
DA:41,2
DA:42,8
DA:43,2
DA:44,2
DA:45,2
DA:46,2
DA:47,2
DA:48,4
DA:49,2
DA:52,2
DA:53,1
DA:54,1
DA:55,4
DA:56,1
DA:57,1
DA:58,1
DA:59,1
DA:60,1
DA:61,1
DA:62,1
DA:63,1
DA:64,1
DA:65,1
DA:68,2
DA:69,2
DA:70,2
DA:71,2
DA:72,2
DA:73,2
DA:74,2
DA:75,2
DA:76,2
DA:77,2
DA:78,2
DA:79,2
DA:80,2
DA:81,2
DA:82,2
DA:86,2
DA:87,2
DA:88,2
DA:89,2
DA:90,2
DA:91,2
DA:92,2
DA:93,2
DA:94,2
DA:95,2
DA:96,2
DA:97,2
DA:98,2
DA:99,2
DA:100,2
LF:59
LH:59
end_of_record
SF:lib/data/models/tv_table.dart
DA:12,4
DA:19,2
DA:20,1
DA:21,1
DA:22,1
DA:23,1
DA:26,2
DA:27,1
DA:28,1
DA:29,1
DA:30,1
DA:33,0
DA:34,0
DA:35,0
DA:36,0
DA:37,0
DA:40,2
DA:41,1
DA:42,1
DA:43,1
DA:44,1
DA:47,2
DA:48,10
LF:23
LH:18
end_of_record
SF:lib/domain/entities/movie.dart
DA:4,6
DA:20,3
DA:50,2
DA:51,2
DA:52,2
DA:53,2
DA:54,2
DA:55,2
DA:56,2
DA:57,2
DA:58,2
DA:59,2
DA:60,2
DA:61,2
DA:62,2
DA:63,2
DA:64,2
LF:17
LH:17
end_of_record
SF:lib/domain/entities/movie_detail.dart
DA:6,3
DA:34,1
DA:35,1
DA:36,1
DA:37,1
DA:38,1
DA:39,1
DA:40,1
DA:41,1
DA:42,1
DA:43,1
DA:44,1
DA:45,1
DA:46,1
LF:14
LH:14
end_of_record
SF:lib/domain/entities/tv.dart
DA:18,6
DA:34,3
DA:50,2
DA:51,2
DA:52,2
DA:53,2
DA:54,2
DA:55,2
DA:56,2
DA:57,2
DA:58,2
DA:59,2
DA:60,2
DA:61,2
DA:62,2
DA:63,2
DA:64,2
LF:17
LH:17
end_of_record
SF:lib/domain/entities/tv_detail.dart
DA:31,1
DA:58,1
DA:59,1
DA:60,1
DA:61,1
DA:62,1
DA:63,1
DA:64,1
DA:65,1
DA:66,1
DA:67,1
DA:68,1
DA:69,1
DA:70,1
DA:71,1
DA:72,1
DA:73,1
DA:74,1
DA:75,1
DA:76,1
DA:77,1
DA:78,1
DA:79,1
DA:80,1
DA:81,1
DA:82,1
DA:83,1
DA:97,3
DA:108,1
DA:109,1
DA:110,1
DA:111,1
DA:112,1
DA:113,1
DA:114,1
DA:115,1
DA:116,1
DA:117,1
LF:38
LH:38
end_of_record
SF:lib/utils/failure.dart
DA:6,3
DA:8,1
DA:9,2
DA:13,2
DA:17,2
DA:21,3
LF:6
LH:6
end_of_record
SF:lib/domain/entities/genre.dart
DA:4,3
DA:12,1
DA:13,3
LF:3
LH:3
end_of_record
SF:lib/data/models/movie_response.dart
DA:8,3
DA:10,4
DA:11,4
DA:12,6
DA:13,6
DA:16,2
DA:17,5
DA:20,1
DA:21,2
LF:9
LH:9
end_of_record
SF:lib/data/models/tv_response.dart
DA:7,3
DA:9,4
DA:10,2
DA:11,2
DA:12,6
DA:13,6
DA:17,2
DA:18,5
DA:21,1
DA:22,2
LF:10
LH:10
end_of_record
SF:lib/data/models/genre_model.dart
DA:6,2
DA:14,2
DA:15,1
DA:16,1
DA:19,1
DA:20,3
DA:23,1
DA:24,3
LF:8
LH:8
end_of_record
SF:lib/data/repositories/movie_repository_impl.dart
DA:21,1
DA:26,1
DA:29,2
DA:30,5
DA:31,1
DA:33,1
DA:38,1
DA:41,2
DA:42,2
DA:43,1
DA:45,1
DA:50,1
DA:53,2
DA:54,3
DA:55,1
DA:57,1
DA:62,1
DA:65,2
DA:66,5
DA:67,1
DA:69,1
DA:74,1
DA:77,2
DA:78,5
DA:79,1
DA:81,1
DA:86,1
DA:89,2
DA:90,5
DA:91,1
DA:93,1
DA:98,1
DA:102,3
DA:103,1
DA:104,1
DA:105,3
DA:111,1
DA:115,3
DA:116,1
DA:117,1
DA:118,3
DA:122,1
DA:124,2
DA:128,1
DA:130,2
DA:131,5
DA:134,1
DA:137,2
DA:138,5
DA:139,1
DA:141,1
DA:146,1
DA:149,2
DA:150,5
DA:151,1
DA:153,1
DA:158,1
DA:161,2
DA:162,5
DA:163,1
DA:165,1
DA:170,1
DA:173,2
DA:174,2
DA:175,1
DA:177,1
DA:182,1
DA:184,2
DA:188,1
DA:192,3
DA:193,1
DA:194,1
DA:195,3
DA:199,1
DA:203,3
DA:204,1
DA:205,1
DA:206,3
DA:212,1
DA:214,2
DA:215,5
DA:218,1
DA:221,2
DA:222,3
DA:223,1
DA:225,1
DA:230,1
DA:233,2
DA:234,5
DA:235,1
DA:237,1
LF:91
LH:91
end_of_record
