SF:lib/domain/usecase/search_movies.dart
DA:9,1
DA:11,1
DA:12,2
LF:3
LH:3
end_of_record
SF:lib/domain/usecase/search_tv.dart
DA:9,1
DA:11,1
DA:12,2
LF:3
LH:3
end_of_record
SF:lib/presentation/bloc/search_movie_state.dart
DA:5,2
DA:7,1
DA:8,1
DA:17,2
DA:19,1
DA:20,2
DA:25,1
DA:27,1
DA:28,2
LF:9
LH:9
end_of_record
SF:lib/presentation/bloc/search_movie_event.dart
DA:5,1
DA:10,1
LF:2
LH:2
end_of_record
SF:lib/presentation/bloc/search_movie_bloc.dart
DA:13,3
DA:14,2
DA:15,1
DA:16,2
DA:17,2
DA:18,1
DA:19,4
DA:20,3
DA:22,1
DA:26,2
DA:27,6
LF:11
LH:11
end_of_record
SF:lib/presentation/bloc/search_tv_event.dart
DA:5,1
DA:10,1
LF:2
LH:2
end_of_record
SF:lib/presentation/bloc/search_tv_bloc.dart
DA:14,3
DA:15,2
DA:16,1
DA:17,2
DA:18,2
DA:19,1
DA:20,4
DA:21,3
DA:23,1
LF:9
LH:9
end_of_record
SF:lib/presentation/bloc/search_tv_state.dart
DA:5,2
DA:7,1
DA:8,1
DA:17,2
DA:19,1
DA:20,2
DA:25,1
DA:27,1
DA:28,2
LF:9
LH:9
end_of_record
SF:lib/presentation/pages/search_page.dart
DA:14,0
DA:16,0
DA:18,0
DA:19,0
DA:22,0
DA:24,0
DA:26,0
DA:27,0
DA:28,0
DA:29,0
DA:30,0
DA:31,0
DA:32,0
DA:43,0
DA:45,0
DA:47,0
DA:48,0
DA:49,0
DA:50,0
DA:54,0
DA:55,0
DA:56,0
DA:57,0
DA:59,0
DA:60,0
DA:61,0
DA:63,0
DA:66,0
DA:67,0
DA:68,0
DA:69,0
DA:73,0
DA:74,0
DA:79,0
DA:80,0
DA:81,0
DA:85,0
DA:86,0
DA:87,0
DA:88,0
DA:90,0
DA:91,0
DA:92,0
DA:94,0
DA:97,0
DA:98,0
DA:99,0
DA:100,0
DA:104,0
DA:105,0
LF:50
LH:0
end_of_record
