SF:lib/domain/usecase/get_now_playing_tv.dart
DA:6,1
DA:8,1
DA:9,2
LF:3
LH:3
end_of_record
SF:lib/domain/usecase/get_popular_tv.dart
DA:6,1
DA:8,1
DA:9,2
LF:3
LH:3
end_of_record
SF:lib/domain/usecase/get_top_rated_tv.dart
DA:6,1
DA:8,1
DA:9,2
LF:3
LH:3
end_of_record
SF:lib/domain/usecase/get_tv_detail.dart
DA:7,1
DA:9,1
DA:10,2
LF:3
LH:3
end_of_record
SF:lib/domain/usecase/get_tv_recommendation.dart
DA:7,1
DA:9,1
DA:10,2
LF:3
LH:3
end_of_record
SF:lib/domain/usecase/get_watchlist_tv.dart
DA:7,1
DA:9,1
DA:10,2
LF:3
LH:3
end_of_record
SF:lib/domain/usecase/get_watchlist_tv_status.dart
DA:6,1
DA:8,1
DA:9,2
LF:3
LH:3
end_of_record
SF:lib/domain/usecase/remove_watchlist_tv.dart
DA:7,1
DA:9,1
DA:10,2
LF:3
LH:3
end_of_record
SF:lib/domain/usecase/save_watchlist_tv.dart
DA:7,1
DA:9,1
DA:10,2
LF:3
LH:3
end_of_record
SF:lib/presentation/bloc/now_playing_tv_bloc.dart
DA:12,3
DA:13,2
DA:14,2
DA:15,2
DA:16,1
DA:17,4
DA:18,3
LF:7
LH:7
end_of_record
SF:lib/presentation/bloc/now_playing_tv_state.dart
DA:5,2
DA:7,1
DA:8,1
DA:17,2
DA:19,1
DA:20,2
DA:25,1
DA:27,1
DA:28,2
LF:9
LH:9
end_of_record
SF:lib/presentation/bloc/now_playing_tv_event.dart
DA:5,1
LF:1
LH:1
end_of_record
SF:lib/presentation/bloc/popular_tv_state.dart
DA:5,2
DA:7,1
DA:8,1
DA:17,2
DA:19,1
DA:20,2
DA:25,1
DA:27,1
DA:28,2
LF:9
LH:9
end_of_record
SF:lib/presentation/bloc/popular_tv_bloc.dart
DA:11,3
DA:12,2
DA:13,2
DA:14,2
DA:15,1
DA:16,4
DA:17,3
LF:7
LH:7
end_of_record
SF:lib/presentation/bloc/popular_tv_event.dart
DA:5,1
LF:1
LH:1
end_of_record
SF:lib/presentation/bloc/top_rated_tv_state.dart
DA:5,2
DA:7,1
DA:8,1
DA:17,2
DA:19,1
DA:20,2
DA:25,1
DA:27,1
DA:28,2
LF:9
LH:9
end_of_record
SF:lib/presentation/bloc/top_rated_tv_event.dart
DA:5,1
LF:1
LH:1
end_of_record
SF:lib/presentation/bloc/top_rated_tv_bloc.dart
DA:11,3
DA:12,2
DA:13,2
DA:14,2
DA:15,1
DA:16,4
DA:17,3
LF:7
LH:7
end_of_record
SF:lib/presentation/bloc/tv_detail_event.dart
DA:5,1
DA:10,1
LF:2
LH:2
end_of_record
SF:lib/presentation/bloc/tv_detail_state.dart
DA:5,2
DA:7,1
DA:8,1
DA:17,2
DA:19,1
DA:20,2
DA:26,2
DA:28,1
DA:29,2
LF:9
LH:9
end_of_record
SF:lib/presentation/bloc/tv_detail_bloc.dart
DA:12,3
DA:13,2
DA:14,2
DA:15,3
DA:16,1
DA:17,4
DA:18,3
LF:7
LH:7
end_of_record
SF:lib/presentation/bloc/tv_recommendation_state.dart
DA:5,2
DA:7,1
DA:8,1
DA:17,1
DA:19,1
DA:20,2
DA:25,2
DA:27,1
DA:28,2
LF:9
LH:9
end_of_record
SF:lib/presentation/bloc/tv_recommendation_event.dart
DA:5,1
DA:10,1
LF:2
LH:2
end_of_record
SF:lib/presentation/bloc/tv_recommendation_bloc.dart
DA:13,1
DA:14,2
DA:15,2
DA:16,2
DA:17,3
DA:18,1
DA:19,4
DA:20,3
LF:8
LH:8
end_of_record
SF:lib/presentation/bloc/tv_watchlist_state.dart
DA:5,2
DA:7,1
DA:8,1
DA:15,2
DA:17,1
DA:18,2
DA:23,2
DA:25,1
DA:26,2
DA:31,2
DA:33,1
DA:34,2
DA:41,1
DA:43,1
DA:44,2
DA:49,2
DA:51,1
DA:52,2
LF:18
LH:18
end_of_record
SF:lib/presentation/bloc/tv_watchlist_event.dart
DA:5,1
DA:10,1
DA:15,1
DA:20,1
DA:24,1
LF:5
LH:5
end_of_record
SF:lib/presentation/bloc/tv_watchlist_bloc.dart
DA:16,1
DA:21,2
DA:22,2
DA:23,3
DA:24,1
DA:25,4
DA:26,3
DA:30,2
DA:31,3
DA:32,1
DA:33,4
DA:34,3
DA:38,2
DA:39,3
DA:40,2
DA:43,2
DA:44,2
DA:45,2
DA:46,1
DA:47,4
DA:48,3
LF:21
LH:21
end_of_record
